<?xml version="1.0" encoding="UTF-8"?>
<testsuite xmlns:xsi="http://www.w3.org/2001/XMLSchema-instance" xsi:noNamespaceSchemaLocation="https://maven.apache.org/surefire/maven-surefire-plugin/xsd/surefire-test-report.xsd" name="cn.glutaa.GlutaaApiApplicationTests" time="6.202" tests="5" errors="0" skipped="0" failures="0">
  <properties>
[...]
</properties>
  <testcase name="addUserTest" classname="cn.glutaa.GlutaaApiApplicationTests" time="0.38"/>
  <testcase name="modelMapperTest" classname="cn.glutaa.GlutaaApiApplicationTests" time="0.016"/>
  <testcase name="restTemplateTest" classname="cn.glutaa.GlutaaApiApplicationTests" time="0.312"/>
  <testcase name="contextLoads" classname="cn.glutaa.GlutaaApiApplicationTests" time="0"/>
  <testcase name="redisTest" classname="cn.glutaa.GlutaaApiApplicationTests" time="0.64"/>
</testsuite>